<?xml version="1.0" encoding="UTF-8"?>
<testsuite xmlns:xsi="http://www.w3.org/2001/XMLSchema-instance" xsi:noNamespaceSchemaLocation="https://maven.apache.org/surefire/maven-surefire-plugin/xsd/surefire-test-report-3.0.xsd" version="3.0" name="TestSuite" time="2.097" tests="1" errors="0" skipped="0" failures="0">
  <properties>
    <property name="awt.toolkit" value="sun.awt.X11.XToolkit"/>
    <property name="file.encoding.pkg" value="sun.io"/>
    <property name="java.specification.version" value="1.8"/>
    <property name="sun.cpu.isalist" value=""/>
    <property name="sun.jnu.encoding" value="UTF-8"/>
    <property name="java.class.path" value="/home/simransinghal30/eclipse-workspace/RestAssuredProject/target/test-classes:/home/simransinghal30/eclipse-workspace/RestAssuredProject/target/classes:/home/simransinghal30/.m2/repository/org/testng/testng/6.14.3/testng-6.14.3.jar:/home/simransinghal30/.m2/repository/com/beust/jcommander/1.72/jcommander-1.72.jar:/home/simransinghal30/.m2/repository/org/apache-extras/beanshell/bsh/2.0b6/bsh-2.0b6.jar:/home/simransinghal30/.m2/repository/io/rest-assured/rest-assured/4.3.1/rest-assured-4.3.1.jar:/home/simransinghal30/.m2/repository/org/codehaus/groovy/groovy/3.0.3/groovy-3.0.3.jar:/home/simransinghal30/.m2/repository/org/codehaus/groovy/groovy-xml/3.0.3/groovy-xml-3.0.3.jar:/home/simransinghal30/.m2/repository/org/apache/httpcomponents/httpclient/4.5.3/httpclient-4.5.3.jar:/home/simransinghal30/.m2/repository/org/apache/httpcomponents/httpcore/4.4.6/httpcore-4.4.6.jar:/home/simransinghal30/.m2/repository/commons-logging/commons-logging/1.2/commons-logging-1.2.jar:/home/simransinghal30/.m2/repository/commons-codec/commons-codec/1.9/commons-codec-1.9.jar:/home/simransinghal30/.m2/repository/org/apache/httpcomponents/httpmime/4.5.3/httpmime-4.5.3.jar:/home/simransinghal30/.m2/repository/org/hamcrest/hamcrest/2.1/hamcrest-2.1.jar:/home/simransinghal30/.m2/repository/org/ccil/cowan/tagsoup/tagsoup/1.2.1/tagsoup-1.2.1.jar:/home/simransinghal30/.m2/repository/io/rest-assured/xml-path/4.3.1/xml-path-4.3.1.jar:/home/simransinghal30/.m2/repository/org/apache/commons/commons-lang3/3.4/commons-lang3-3.4.jar:/home/simransinghal30/.m2/repository/jakarta/xml/bind/jakarta.xml.bind-api/2.3.3/jakarta.xml.bind-api-2.3.3.jar:/home/simransinghal30/.m2/repository/jakarta/activation/jakarta.activation-api/1.2.2/jakarta.activation-api-1.2.2.jar:/home/simransinghal30/.m2/repository/com/sun/xml/bind/jaxb-impl/2.3.3/jaxb-impl-2.3.3.jar:/home/simransinghal30/.m2/repository/io/rest-assured/json-path/4.3.1/json-path-4.3.1.jar:/home/simransinghal30/.m2/repository/org/codehaus/groovy/groovy-json/3.0.3/groovy-json-3.0.3.jar:/home/simransinghal30/.m2/repository/io/rest-assured/rest-assured-common/4.3.1/rest-assured-common-4.3.1.jar:/home/simransinghal30/.m2/repository/io/rest-assured/json-schema-validator/4.3.1/json-schema-validator-4.3.1.jar:/home/simransinghal30/.m2/repository/com/github/java-json-tools/json-schema-validator/2.2.10/json-schema-validator-2.2.10.jar:/home/simransinghal30/.m2/repository/com/github/java-json-tools/json-schema-core/1.2.10/json-schema-core-1.2.10.jar:/home/simransinghal30/.m2/repository/com/github/java-json-tools/jackson-coreutils/1.9/jackson-coreutils-1.9.jar:/home/simransinghal30/.m2/repository/com/fasterxml/jackson/core/jackson-databind/2.2.3/jackson-databind-2.2.3.jar:/home/simransinghal30/.m2/repository/com/fasterxml/jackson/core/jackson-annotations/2.2.3/jackson-annotations-2.2.3.jar:/home/simransinghal30/.m2/repository/com/fasterxml/jackson/core/jackson-core/2.2.3/jackson-core-2.2.3.jar:/home/simransinghal30/.m2/repository/com/google/guava/guava/16.0.1/guava-16.0.1.jar:/home/simransinghal30/.m2/repository/com/github/fge/msg-simple/1.1/msg-simple-1.1.jar:/home/simransinghal30/.m2/repository/com/github/fge/btf/1.2/btf-1.2.jar:/home/simransinghal30/.m2/repository/com/github/fge/uri-template/0.9/uri-template-0.9.jar:/home/simransinghal30/.m2/repository/org/mozilla/rhino/1.7.7.1/rhino-1.7.7.1.jar:/home/simransinghal30/.m2/repository/javax/mail/mailapi/1.4.3/mailapi-1.4.3.jar:/home/simransinghal30/.m2/repository/javax/activation/activation/1.1/activation-1.1.jar:/home/simransinghal30/.m2/repository/joda-time/joda-time/2.9.7/joda-time-2.9.7.jar:/home/simransinghal30/.m2/repository/com/googlecode/libphonenumber/libphonenumber/8.0.0/libphonenumber-8.0.0.jar:/home/simransinghal30/.m2/repository/com/google/code/findbugs/jsr305/3.0.1/jsr305-3.0.1.jar:/home/simransinghal30/.m2/repository/net/sf/jopt-simple/jopt-simple/5.0.3/jopt-simple-5.0.3.jar:/home/simransinghal30/.m2/repository/org/json/json/20210307/json-20210307.jar:"/>
    <property name="java.vm.vendor" value="Private Build"/>
    <property name="sun.arch.data.model" value="64"/>
    <property name="java.vendor.url" value="http://java.oracle.com/"/>
    <property name="user.timezone" value="Etc/UTC"/>
    <property name="java.vm.specification.version" value="1.8"/>
    <property name="os.name" value="Linux"/>
    <property name="user.country" value="US"/>
    <property name="sun.java.launcher" value="SUN_STANDARD"/>
    <property name="sun.boot.library.path" value="/usr/lib/jvm/java-8-openjdk-amd64/jre/lib/amd64"/>
    <property name="sun.java.command" value="/home/simransinghal30/eclipse-workspace/RestAssuredProject/target/surefire/surefirebooter4526247031669669138.jar /home/simransinghal30/eclipse-workspace/RestAssuredProject/target/surefire 2022-06-03T17-58-33_772-jvmRun1 surefire133950508963834143tmp surefire_08307712141587892823tmp"/>
    <property name="surefire.test.class.path" value="/home/simransinghal30/eclipse-workspace/RestAssuredProject/target/test-classes:/home/simransinghal30/eclipse-workspace/RestAssuredProject/target/classes:/home/simransinghal30/.m2/repository/org/testng/testng/6.14.3/testng-6.14.3.jar:/home/simransinghal30/.m2/repository/com/beust/jcommander/1.72/jcommander-1.72.jar:/home/simransinghal30/.m2/repository/org/apache-extras/beanshell/bsh/2.0b6/bsh-2.0b6.jar:/home/simransinghal30/.m2/repository/io/rest-assured/rest-assured/4.3.1/rest-assured-4.3.1.jar:/home/simransinghal30/.m2/repository/org/codehaus/groovy/groovy/3.0.3/groovy-3.0.3.jar:/home/simransinghal30/.m2/repository/org/codehaus/groovy/groovy-xml/3.0.3/groovy-xml-3.0.3.jar:/home/simransinghal30/.m2/repository/org/apache/httpcomponents/httpclient/4.5.3/httpclient-4.5.3.jar:/home/simransinghal30/.m2/repository/org/apache/httpcomponents/httpcore/4.4.6/httpcore-4.4.6.jar:/home/simransinghal30/.m2/repository/commons-logging/commons-logging/1.2/commons-logging-1.2.jar:/home/simransinghal30/.m2/repository/commons-codec/commons-codec/1.9/commons-codec-1.9.jar:/home/simransinghal30/.m2/repository/org/apache/httpcomponents/httpmime/4.5.3/httpmime-4.5.3.jar:/home/simransinghal30/.m2/repository/org/hamcrest/hamcrest/2.1/hamcrest-2.1.jar:/home/simransinghal30/.m2/repository/org/ccil/cowan/tagsoup/tagsoup/1.2.1/tagsoup-1.2.1.jar:/home/simransinghal30/.m2/repository/io/rest-assured/xml-path/4.3.1/xml-path-4.3.1.jar:/home/simransinghal30/.m2/repository/org/apache/commons/commons-lang3/3.4/commons-lang3-3.4.jar:/home/simransinghal30/.m2/repository/jakarta/xml/bind/jakarta.xml.bind-api/2.3.3/jakarta.xml.bind-api-2.3.3.jar:/home/simransinghal30/.m2/repository/jakarta/activation/jakarta.activation-api/1.2.2/jakarta.activation-api-1.2.2.jar:/home/simransinghal30/.m2/repository/com/sun/xml/bind/jaxb-impl/2.3.3/jaxb-impl-2.3.3.jar:/home/simransinghal30/.m2/repository/io/rest-assured/json-path/4.3.1/json-path-4.3.1.jar:/home/simransinghal30/.m2/repository/org/codehaus/groovy/groovy-json/3.0.3/groovy-json-3.0.3.jar:/home/simransinghal30/.m2/repository/io/rest-assured/rest-assured-common/4.3.1/rest-assured-common-4.3.1.jar:/home/simransinghal30/.m2/repository/io/rest-assured/json-schema-validator/4.3.1/json-schema-validator-4.3.1.jar:/home/simransinghal30/.m2/repository/com/github/java-json-tools/json-schema-validator/2.2.10/json-schema-validator-2.2.10.jar:/home/simransinghal30/.m2/repository/com/github/java-json-tools/json-schema-core/1.2.10/json-schema-core-1.2.10.jar:/home/simransinghal30/.m2/repository/com/github/java-json-tools/jackson-coreutils/1.9/jackson-coreutils-1.9.jar:/home/simransinghal30/.m2/repository/com/fasterxml/jackson/core/jackson-databind/2.2.3/jackson-databind-2.2.3.jar:/home/simransinghal30/.m2/repository/com/fasterxml/jackson/core/jackson-annotations/2.2.3/jackson-annotations-2.2.3.jar:/home/simransinghal30/.m2/repository/com/fasterxml/jackson/core/jackson-core/2.2.3/jackson-core-2.2.3.jar:/home/simransinghal30/.m2/repository/com/google/guava/guava/16.0.1/guava-16.0.1.jar:/home/simransinghal30/.m2/repository/com/github/fge/msg-simple/1.1/msg-simple-1.1.jar:/home/simransinghal30/.m2/repository/com/github/fge/btf/1.2/btf-1.2.jar:/home/simransinghal30/.m2/repository/com/github/fge/uri-template/0.9/uri-template-0.9.jar:/home/simransinghal30/.m2/repository/org/mozilla/rhino/1.7.7.1/rhino-1.7.7.1.jar:/home/simransinghal30/.m2/repository/javax/mail/mailapi/1.4.3/mailapi-1.4.3.jar:/home/simransinghal30/.m2/repository/javax/activation/activation/1.1/activation-1.1.jar:/home/simransinghal30/.m2/repository/joda-time/joda-time/2.9.7/joda-time-2.9.7.jar:/home/simransinghal30/.m2/repository/com/googlecode/libphonenumber/libphonenumber/8.0.0/libphonenumber-8.0.0.jar:/home/simransinghal30/.m2/repository/com/google/code/findbugs/jsr305/3.0.1/jsr305-3.0.1.jar:/home/simransinghal30/.m2/repository/net/sf/jopt-simple/jopt-simple/5.0.3/jopt-simple-5.0.3.jar:/home/simransinghal30/.m2/repository/org/json/json/20210307/json-20210307.jar:"/>
    <property name="sun.cpu.endian" value="little"/>
    <property name="user.home" value="/home/simransinghal30"/>
    <property name="user.language" value="en"/>
    <property name="java.specification.vendor" value="Oracle Corporation"/>
    <property name="java.home" value="/usr/lib/jvm/java-8-openjdk-amd64/jre"/>
    <property name="basedir" value="/home/simransinghal30/eclipse-workspace/RestAssuredProject"/>
    <property name="file.separator" value="/"/>
    <property name="line.separator" value="&#10;"/>
    <property name="java.vm.specification.vendor" value="Oracle Corporation"/>
    <property name="java.specification.name" value="Java Platform API Specification"/>
    <property name="java.awt.graphicsenv" value="sun.awt.X11GraphicsEnvironment"/>
    <property name="surefire.real.class.path" value="/home/simransinghal30/eclipse-workspace/RestAssuredProject/target/surefire/surefirebooter4526247031669669138.jar"/>
    <property name="sun.boot.class.path" value="/usr/lib/jvm/java-8-openjdk-amd64/jre/lib/resources.jar:/usr/lib/jvm/java-8-openjdk-amd64/jre/lib/rt.jar:/usr/lib/jvm/java-8-openjdk-amd64/jre/lib/sunrsasign.jar:/usr/lib/jvm/java-8-openjdk-amd64/jre/lib/jsse.jar:/usr/lib/jvm/java-8-openjdk-amd64/jre/lib/jce.jar:/usr/lib/jvm/java-8-openjdk-amd64/jre/lib/charsets.jar:/usr/lib/jvm/java-8-openjdk-amd64/jre/lib/jfr.jar:/usr/lib/jvm/java-8-openjdk-amd64/jre/classes"/>
    <property name="sun.management.compiler" value="HotSpot 64-Bit Tiered Compilers"/>
    <property name="java.runtime.version" value="1.8.0_265-8u265-b01-0ubuntu2~16.04-b01"/>
    <property name="user.name" value="simransinghal30"/>
    <property name="path.separator" value=":"/>
    <property name="os.version" value="4.4.0-1113-aws"/>
    <property name="java.endorsed.dirs" value="/usr/lib/jvm/java-8-openjdk-amd64/jre/lib/endorsed"/>
    <property name="java.runtime.name" value="OpenJDK Runtime Environment"/>
    <property name="file.encoding" value="UTF-8"/>
    <property name="java.vm.name" value="OpenJDK 64-Bit Server VM"/>
    <property name="localRepository" value="/home/simransinghal30/.m2/repository"/>
    <property name="java.vendor.url.bug" value="http://bugreport.sun.com/bugreport/"/>
    <property name="java.io.tmpdir" value="/tmp"/>
    <property name="java.version" value="1.8.0_265"/>
    <property name="user.dir" value="/home/simransinghal30/eclipse-workspace/RestAssuredProject"/>
    <property name="os.arch" value="amd64"/>
    <property name="java.vm.specification.name" value="Java Virtual Machine Specification"/>
    <property name="java.awt.printerjob" value="sun.print.PSPrinterJob"/>
    <property name="sun.os.patch.level" value="unknown"/>
    <property name="java.library.path" value="/usr/java/packages/lib/amd64:/usr/lib/x86_64-linux-gnu/jni:/lib/x86_64-linux-gnu:/usr/lib/x86_64-linux-gnu:/usr/lib/jni:/lib:/usr/lib"/>
    <property name="java.vm.info" value="mixed mode"/>
    <property name="java.vendor" value="Private Build"/>
    <property name="java.vm.version" value="25.265-b01"/>
    <property name="java.ext.dirs" value="/usr/lib/jvm/java-8-openjdk-amd64/jre/lib/ext:/usr/java/packages/lib/ext"/>
    <property name="sun.io.unicode.encoding" value="UnicodeLittle"/>
    <property name="java.class.version" value="52.0"/>
  </properties>
  <testcase name="test1" classname="apichaining.EndToEndTest" time="1.544">
    <system-out><![CDATA[[TestNGContentHandler] [WARN] It is strongly recommended to add "<!DOCTYPE suite SYSTEM "http://testng.org/testng-1.0.dtd" >" at the top of your file, otherwise TestNG may fail or not work as expected.
id=9
]]></system-out>
  </testcase>
</testsuite>