<?xml version="1.0" encoding="UTF-8"?>
<!-- Generated by org.testng.reporters.JUnitReportReporter -->
<testsuite skipped="0" hostname="ip-172-31-84-83" name="restbdd.DeleteRequestBDD" tests="1" failures="0" timestamp="04 Jun 2022 05:11:30 GMT" time="1.174" errors="0">
  <testcase name="test2" time="1.174" classname="restbdd.DeleteRequestBDD"/>
</testsuite> <!-- restbdd.DeleteRequestBDD -->
