<?xml version="1.0" encoding="UTF-8"?>
<!-- Generated by org.testng.reporters.JUnitReportReporter -->
<testsuite skipped="0" hostname="ip-172-31-84-83" name="restbdd.PutRequestBDD" tests="1" failures="0" timestamp="04 Jun 2022 05:04:56 GMT" time="2.266" errors="0">
  <testcase name="test1" time="2.266" classname="restbdd.PutRequestBDD"/>
</testsuite> <!-- restbdd.PutRequestBDD -->
