<?xml version="1.0" encoding="UTF-8"?>
<!-- Generated by org.testng.reporters.JUnitReportReporter -->
<testsuite skipped="0" hostname="ip-172-31-84-83" name="apichaining.EndToEndTest" tests="1" failures="0" timestamp="03 Jun 2022 17:57:36 GMT" time="1.780" errors="0">
  <testcase name="test1" time="1.780" classname="apichaining.EndToEndTest"/>
</testsuite> <!-- apichaining.EndToEndTest -->
