<?xml version="1.0" encoding="UTF-8"?>
<!-- Generated by org.testng.reporters.JUnitReportReporter -->
<testsuite skipped="0" hostname="ip-172-31-84-83" name="restbdd.PostRequestBDD" tests="1" failures="0" timestamp="04 Jun 2022 04:59:53 GMT" time="3.055" errors="0">
  <testcase name="test1" time="3.055" classname="restbdd.PostRequestBDD"/>
</testsuite> <!-- restbdd.PostRequestBDD -->
