<?xml version="1.0" encoding="UTF-8"?>
<!-- Generated by org.testng.reporters.JUnitReportReporter -->
<testsuite skipped="0" hostname="ip-172-31-84-83" name="restAPI.PostRequestwithFile" tests="1" failures="0" timestamp="03 Jun 2022 16:27:36 GMT" time="1.723" errors="0">
  <testcase name="test1" time="1.723" classname="restAPI.PostRequestwithFile"/>
</testsuite> <!-- restAPI.PostRequestwithFile -->
