<?xml version="1.0" encoding="UTF-8"?>
<!-- Generated by org.testng.reporters.JUnitReportReporter -->
<testsuite skipped="0" hostname="ip-172-31-84-83" name="restAPI.PostRequest" tests="1" failures="0" timestamp="03 Jun 2022 15:14:52 GMT" time="1.731" errors="0">
  <testcase name="test1" time="1.731" classname="restAPI.PostRequest"/>
</testsuite> <!-- restAPI.PostRequest -->
