<?xml version="1.0" encoding="UTF-8"?>
<!-- Generated by org.testng.reporters.JUnitReportReporter -->
<testsuite skipped="0" hostname="ip-172-31-84-83" name="restbdd.GetRequestBDD" tests="2" failures="0" timestamp="04 Jun 2022 04:29:33 GMT" time="3.261" errors="0">
  <testcase name="test2" time="1.147" classname="restbdd.GetRequestBDD"/>
  <testcase name="test1" time="2.114" classname="restbdd.GetRequestBDD"/>
</testsuite> <!-- restbdd.GetRequestBDD -->
