<?xml version="1.0" encoding="UTF-8"?>
<!-- Generated by org.testng.reporters.JUnitReportReporter -->
<testsuite skipped="0" hostname="ip-172-31-84-83" name="restApiXML.XMLTest" tests="2" failures="0" timestamp="04 Jun 2022 06:37:34 GMT" time="3.574" errors="0">
  <testcase name="test1" time="2.208" classname="restApiXML.XMLTest"/>
  <testcase name="test2" time="1.366" classname="restApiXML.XMLTest"/>
</testsuite> <!-- restApiXML.XMLTest -->
