<?xml version="1.0" encoding="UTF-8"?>
<!-- Generated by org.testng.reporters.JUnitReportReporter -->
<testsuite skipped="0" hostname="ip-172-31-84-83" name="restAPI.PutRequest" tests="1" failures="0" timestamp="03 Jun 2022 16:41:03 GMT" time="1.878" errors="0">
  <testcase name="test1" time="1.878" classname="restAPI.PutRequest"/>
</testsuite> <!-- restAPI.PutRequest -->
