<?xml version="1.0" encoding="UTF-8"?>
<!-- Generated by org.testng.reporters.JUnitReportReporter -->
<testsuite skipped="0" hostname="ip-172-31-84-83" name="restAPI.PostRequestwithJsonObject" tests="1" failures="0" timestamp="03 Jun 2022 15:26:58 GMT" time="1.971" errors="0">
  <testcase name="test1" time="1.971" classname="restAPI.PostRequestwithJsonObject"/>
</testsuite> <!-- restAPI.PostRequestwithJsonObject -->
