<?xml version="1.0" encoding="UTF-8"?>
<!-- Generated by org.testng.reporters.JUnitReportReporter -->
<testsuite skipped="0" hostname="ip-172-31-84-83" name="restAPI.GetRequest" tests="1" failures="0" timestamp="03 Jun 2022 17:20:30 GMT" time="2.058" errors="0">
  <testcase name="test1" time="2.058" classname="restAPI.GetRequest"/>
</testsuite> <!-- restAPI.GetRequest -->
