<?xml version="1.0" encoding="UTF-8"?>
<!-- Generated by org.testng.reporters.JUnitReportReporter -->
<testsuite skipped="0" hostname="ip-172-31-84-83" name="restAPI.DeleteRequest" tests="1" failures="0" timestamp="03 Jun 2022 16:44:21 GMT" time="1.083" errors="0">
  <testcase name="test1" time="1.083" classname="restAPI.DeleteRequest"/>
</testsuite> <!-- restAPI.DeleteRequest -->
