<?xml version="1.0" encoding="UTF-8"?>
<!-- Generated by org.testng.reporters.JUnitReportReporter -->
<testsuite skipped="0" hostname="ip-172-31-84-83" name="restAPI.PostRequestwithHashMap" tests="1" failures="0" timestamp="03 Jun 2022 15:40:16 GMT" time="1.785" errors="0">
  <testcase name="test1" time="1.785" classname="restAPI.PostRequestwithHashMap"/>
</testsuite> <!-- restAPI.PostRequestwithHashMap -->
