<?xml version="1.0" encoding="UTF-8"?>
<!-- Generated by org.testng.reporters.JUnitReportReporter -->
<testsuite skipped="0" hostname="ip-172-31-84-83" name="github.CreateRepo" tests="2" failures="0" timestamp="03 Jun 2022 18:33:34 GMT" time="2.896" errors="0">
  <testcase name="test2" time="1.172" classname="github.CreateRepo"/>
  <testcase name="test" time="1.724" classname="github.CreateRepo"/>
</testsuite> <!-- github.CreateRepo -->
